Der Buildvorgang wurde am 12.07.2014 14:21:31 gestartet.
     1>Projekt "D:\Remarius\InDev 1.5\Indev 1.5.vcxproj" auf Knoten "2", Build Ziel(e).
     1>ClCompile:
         C:\Program Files (x86)\Microsoft Visual Studio 12.0\VC\bin\CL.exe /c /I"D:\Remarius\SDL2_mixer-devel-2.0.0-VC\SDL2_mixer-2.0.0\include" /I"D:\Remarius\SDL2-devel-2.0.3-VC\SDL2-2.0.3\include" /I"D:\Remarius\SDL2_image-devel-2.0.0-VC\SDL2_image-2.0.0\include" /I"D:\Remarius\SDL2_ttf-devel-2.0.12-VC\SDL2_ttf-2.0.12\include" /ZI /nologo /W3 /WX- /sdl /Od /Oy- /D WIN32 /D _DEBUG /D _CONSOLE /D _LIB /D _UNICODE /D UNICODE /Gm /EHsc /RTC1 /MDd /GS /fp:precise /Zc:wchar_t /Zc:forScope /Fo"Debug\\" /Fd"Debug\vc120.pdb" /Gd /TP /analyze- /errorReport:prompt Sprite.cpp
         Sprite.cpp
       Link:
         C:\Program Files (x86)\Microsoft Visual Studio 12.0\VC\bin\link.exe /ERRORREPORT:PROMPT /OUT:"D:\Remarius\InDev 1.5\Debug\Indev 1.5.exe" /INCREMENTAL /NOLOGO /LIBPATH:"D:\Remarius\SDL2-devel-2.0.3-VC\SDL2-2.0.3\lib\x86" /LIBPATH:"D:\Remarius\SDL2_mixer-devel-2.0.0-VC\SDL2_mixer-2.0.0\lib\x86" /LIBPATH:"D:\Remarius\SDL2_image-devel-2.0.0-VC\SDL2_image-2.0.0\lib\x86" /LIBPATH:"D:\Remarius\SDL2_ttf-devel-2.0.12-VC\SDL2_ttf-2.0.12\lib\x86" SDL2.lib SDL2main.lib SDL2_mixer.lib SDL2_image.lib SDL2_ttf.lib /MANIFEST /MANIFESTUAC:"level='asInvoker' uiAccess='false'" /manifest:embed /DEBUG /PDB:"D:\Remarius\InDev 1.5\Debug\Indev 1.5.pdb" /SUBSYSTEM:CONSOLE /TLBID:1 /DYNAMICBASE /NXCOMPAT /IMPLIB:"D:\Remarius\InDev 1.5\Debug\Indev 1.5.lib" /MACHINE:X86 /SAFESEH Debug\Bombo.obj
         Debug\Camera.obj
         Debug\Explosion.obj
         Debug\Framework.obj
         Debug\Game.obj
         Debug\Hexaspider.obj
         Debug\Hoover.obj
         Debug\main.obj
         Debug\Menu.obj
         Debug\Monster.obj
         Debug\Player.obj
         Debug\Program.obj
         Debug\Shot.obj
         Debug\Sound.obj
         Debug\Sprite.obj
         Debug\Stachelstein.obj
         Debug\Stuff.obj
         Debug\Text.obj
         Debug\Tile.obj
         Debug\Timer.obj
     1>Bombo.obj : warning LNK4075: /EDITANDCONTINUE wird aufgrund der Angabe von /SAFESEH ignoriert.
     1>MSVCRTD.lib(cinitexe.obj) : warning LNK4098: Standardbibliothek "msvcrt.lib" steht in Konflikt mit anderen Bibliotheken; /NODEFAULTLIB:Bibliothek verwenden.
         Indev 1.5.vcxproj -> D:\Remarius\InDev 1.5\Debug\Indev 1.5.exe
     1>Die Erstellung des Projekts "D:\Remarius\InDev 1.5\Indev 1.5.vcxproj" ist abgeschlossen, Build Ziel(e).

Build erfolgreich.

Verstrichene Zeit 00:00:04.48
